<?xml version="1.0" encoding="UTF-8"?>
<!-- Generated by org.testng.reporters.JUnitXMLReporter -->
<testsuite ignored="0" hostname="DESKTOP-JNC398C" failures="0" tests="1" name="Testcrossbrowser" time="0.073" errors="0" timestamp="2024-10-06T19:35:55 IST">
  <testcase classname="com.onelot.generic.OneLotbase" name="@BeforeTest launchBrowser" time="-1.728223555315E9">
    <failure type="org.testng.TestNGException" message="
Parameter &amp;apos;browsers&amp;apos; is required by BeforeTest on method launchBrowser but has not been marked @Optional or defined
in C:\Users\dell\eclipse-workspace\Onelot\crossbrowser.xml">
      <![CDATA[org.testng.TestNGException: 
Parameter 'browsers' is required by BeforeTest on method launchBrowser but has not been marked @Optional or defined
in C:\Users\dell\eclipse-workspace\Onelot\crossbrowser.xml
at java.base/java.util.concurrent.FutureTask.run(FutureTask.java:264)
at java.base/java.util.concurrent.ThreadPoolExecutor.runWorker(ThreadPoolExecutor.java:1136)
at java.base/java.util.concurrent.ThreadPoolExecutor$Worker.run(ThreadPoolExecutor.java:635)
at java.base/java.lang.Thread.run(Thread.java:840)
... Removed 12 stack frames]]>
    </failure>
  </testcase> <!-- @BeforeTest launchBrowser -->
  <testcase classname="com.onelot.generic.OneLotbase" name="@BeforeMethod BM" time="-1.728223555368E9">
    <skipped/>
  </testcase> <!-- @BeforeMethod BM -->
  <testcase classname="com.onelot.generic.OneLotbase" name="@AfterMethod AM" time="-1.728223555376E9">
    <skipped/>
  </testcase> <!-- @AfterMethod AM -->
  <testcase classname="com.onelot.generic.OneLotbase" name="@AfterTest closeBrowser" time="-1.728223555381E9">
    <skipped/>
  </testcase> <!-- @AfterTest closeBrowser -->
  <testcase classname="com.onelot.testscripts.VerifyTheErrorMessage" name="errorMessage" time="0.0">
    <skipped/>
  </testcase> <!-- errorMessage -->
</testsuite> <!-- Testcrossbrowser -->
