<?xml version="1.0" encoding="UTF-8"?>
<testng-results ignored="0" total="2" passed="0" failed="1" skipped="1">
  <reporter-output>
  </reporter-output>
  <suite started-at="2024-10-06T19:35:55 IST" name="Suite" finished-at="2024-10-06T19:36:10 IST" duration-ms="14916">
    <groups>
      <group name="regression">
        <method signature="Verifyuserregister.enterTheDealerDetails()[pri:0, instance:com.onelot.testscripts.Verifyuserregister@cb0755b]" name="enterTheDealerDetails" class="com.onelot.testscripts.Verifyuserregister"/>
      </group> <!-- regression -->
      <group name="smoke">
        <method signature="VerifyTheErrorMessage.errorMessage()[pri:0, instance:com.onelot.testscripts.VerifyTheErrorMessage@63376bed]" name="errorMessage" class="com.onelot.testscripts.VerifyTheErrorMessage"/>
      </group> <!-- smoke -->
    </groups>
    <test started-at="2024-10-06T19:35:55 IST" name="Testcrossbrowser" finished-at="2024-10-06T19:35:55 IST" duration-ms="73">
      <class name="com.onelot.testscripts.VerifyTheErrorMessage">
        <test-method is-config="true" signature="launchBrowser(java.lang.String)[pri:0, instance:com.onelot.testscripts.VerifyTheErrorMessage@63376bed]" started-at="2024-10-06T19:35:55 IST" name="launchBrowser" finished-at="1970-01-01T05:30:00 IST" duration-ms="-1728223555315" status="FAIL">
          <exception class="org.testng.TestNGException">
            <message>
              <![CDATA[
Parameter 'browsers' is required by BeforeTest on method launchBrowser but has not been marked @Optional or defined
in C:\Users\dell\eclipse-workspace\Onelot\crossbrowser.xml]]>
            </message>
            <full-stacktrace>
              <![CDATA[org.testng.TestNGException: 
Parameter 'browsers' is required by BeforeTest on method launchBrowser but has not been marked @Optional or defined
in C:\Users\dell\eclipse-workspace\Onelot\crossbrowser.xml
at org.testng.internal.Parameters.createParams(Parameters.java:270)
at org.testng.internal.Parameters.createParametersForMethod(Parameters.java:358)
at org.testng.internal.Parameters.createParameters(Parameters.java:700)
at org.testng.internal.Parameters.createConfigurationParameters(Parameters.java:168)
at org.testng.internal.ConfigInvoker.invokeConfigurations(ConfigInvoker.java:302)
at org.testng.TestRunner.invokeTestConfigurations(TestRunner.java:637)
at org.testng.TestRunner.beforeRun(TestRunner.java:627)
at org.testng.TestRunner.run(TestRunner.java:589)
at org.testng.SuiteRunner.runTest(SuiteRunner.java:377)
at org.testng.SuiteRunner.access$000(SuiteRunner.java:28)
at org.testng.SuiteRunner$SuiteWorker.run(SuiteRunner.java:418)
at org.testng.internal.thread.ThreadUtil.lambda$execute$0(ThreadUtil.java:64)
at java.base/java.util.concurrent.FutureTask.run(FutureTask.java:264)
at java.base/java.util.concurrent.ThreadPoolExecutor.runWorker(ThreadPoolExecutor.java:1136)
at java.base/java.util.concurrent.ThreadPoolExecutor$Worker.run(ThreadPoolExecutor.java:635)
at java.base/java.lang.Thread.run(Thread.java:840)
]]>
            </full-stacktrace>
          </exception> <!-- org.testng.TestNGException -->
          <reporter-output>
          </reporter-output>
        </test-method> <!-- launchBrowser -->
        <test-method is-config="true" signature="BM()[pri:0, instance:com.onelot.testscripts.VerifyTheErrorMessage@63376bed]" started-at="2024-10-06T19:35:55 IST" name="BM" finished-at="1970-01-01T05:30:00 IST" duration-ms="-1728223555368" status="SKIP">
          <reporter-output>
          </reporter-output>
        </test-method> <!-- BM -->
        <test-method signature="errorMessage()[pri:0, instance:com.onelot.testscripts.VerifyTheErrorMessage@63376bed]" started-at="2024-10-06T19:35:55 IST" name="errorMessage" finished-at="2024-10-06T19:35:55 IST" duration-ms="0" status="SKIP">
          <exception class="org.testng.TestNGException">
            <message>
              <![CDATA[
Parameter 'browsers' is required by BeforeTest on method launchBrowser but has not been marked @Optional or defined
in C:\Users\dell\eclipse-workspace\Onelot\crossbrowser.xml]]>
            </message>
            <full-stacktrace>
              <![CDATA[org.testng.TestNGException: 
Parameter 'browsers' is required by BeforeTest on method launchBrowser but has not been marked @Optional or defined
in C:\Users\dell\eclipse-workspace\Onelot\crossbrowser.xml
at org.testng.internal.Parameters.createParams(Parameters.java:270)
at org.testng.internal.Parameters.createParametersForMethod(Parameters.java:358)
at org.testng.internal.Parameters.createParameters(Parameters.java:700)
at org.testng.internal.Parameters.createConfigurationParameters(Parameters.java:168)
at org.testng.internal.ConfigInvoker.invokeConfigurations(ConfigInvoker.java:302)
at org.testng.TestRunner.invokeTestConfigurations(TestRunner.java:637)
at org.testng.TestRunner.beforeRun(TestRunner.java:627)
at org.testng.TestRunner.run(TestRunner.java:589)
at org.testng.SuiteRunner.runTest(SuiteRunner.java:377)
at org.testng.SuiteRunner.access$000(SuiteRunner.java:28)
at org.testng.SuiteRunner$SuiteWorker.run(SuiteRunner.java:418)
at org.testng.internal.thread.ThreadUtil.lambda$execute$0(ThreadUtil.java:64)
at java.base/java.util.concurrent.FutureTask.run(FutureTask.java:264)
at java.base/java.util.concurrent.ThreadPoolExecutor.runWorker(ThreadPoolExecutor.java:1136)
at java.base/java.util.concurrent.ThreadPoolExecutor$Worker.run(ThreadPoolExecutor.java:635)
at java.base/java.lang.Thread.run(Thread.java:840)
]]>
            </full-stacktrace>
          </exception> <!-- org.testng.TestNGException -->
          <reporter-output>
          </reporter-output>
        </test-method> <!-- errorMessage -->
        <test-method is-config="true" signature="AM()[pri:0, instance:com.onelot.testscripts.VerifyTheErrorMessage@63376bed]" started-at="2024-10-06T19:35:55 IST" name="AM" finished-at="1970-01-01T05:30:00 IST" duration-ms="-1728223555376" status="SKIP">
          <reporter-output>
          </reporter-output>
        </test-method> <!-- AM -->
        <test-method is-config="true" signature="closeBrowser()[pri:0, instance:com.onelot.testscripts.VerifyTheErrorMessage@63376bed]" started-at="2024-10-06T19:35:55 IST" name="closeBrowser" finished-at="1970-01-01T05:30:00 IST" duration-ms="-1728223555381" status="SKIP">
          <reporter-output>
          </reporter-output>
        </test-method> <!-- closeBrowser -->
      </class> <!-- com.onelot.testscripts.VerifyTheErrorMessage -->
    </test> <!-- Testcrossbrowser -->
    <test started-at="2024-10-06T19:35:55 IST" name="Testcrossbrowser1" finished-at="2024-10-06T19:36:10 IST" duration-ms="14916">
      <class name="com.onelot.testscripts.Verifyuserregister">
        <test-method is-config="true" signature="launchBrowser(java.lang.String)[pri:0, instance:com.onelot.testscripts.Verifyuserregister@cb0755b]" started-at="2024-10-06T19:35:55 IST" name="launchBrowser" finished-at="2024-10-06T19:35:58 IST" duration-ms="2868" status="PASS">
          <params>
            <param index="0">
              <value>
                <![CDATA[edge]]>
              </value>
            </param>
          </params>
          <reporter-output>
          </reporter-output>
        </test-method> <!-- launchBrowser -->
        <test-method is-config="true" signature="BM()[pri:0, instance:com.onelot.testscripts.Verifyuserregister@cb0755b]" started-at="2024-10-06T19:35:58 IST" name="BM" finished-at="2024-10-06T19:35:58 IST" duration-ms="0" status="PASS">
          <reporter-output>
          </reporter-output>
        </test-method> <!-- BM -->
        <test-method signature="enterTheDealerDetails()[pri:0, instance:com.onelot.testscripts.Verifyuserregister@cb0755b]" started-at="2024-10-06T19:35:58 IST" name="enterTheDealerDetails" finished-at="2024-10-06T19:36:08 IST" duration-ms="10742" status="FAIL">
          <exception class="org.openqa.selenium.NoSuchElementException">
            <message>
              <![CDATA[Unable to find element with locator By.xpath: //p[contains(text(),'You have successfully')]
For documentation on this error, please visit: https://www.selenium.dev/documentation/webdriver/troubleshooting/errors#no-such-element-exception
Build info: version: '4.20.0', revision: '866c76ca80'
System info: os.name: 'Windows 11', os.arch: 'amd64', os.version: '10.0', java.version: '17.0.11'
Driver info: driver.version: RemoteWebDriver]]>
            </message>
            <full-stacktrace>
              <![CDATA[org.openqa.selenium.NoSuchElementException: Unable to find element with locator By.xpath: //p[contains(text(),'You have successfully')]
For documentation on this error, please visit: https://www.selenium.dev/documentation/webdriver/troubleshooting/errors#no-such-element-exception
Build info: version: '4.20.0', revision: '866c76ca80'
System info: os.name: 'Windows 11', os.arch: 'amd64', os.version: '10.0', java.version: '17.0.11'
Driver info: driver.version: RemoteWebDriver
at org.openqa.selenium.remote.ElementLocation$ElementFinder$2.findElement(ElementLocation.java:168)
at org.openqa.selenium.remote.ElementLocation.findElement(ElementLocation.java:59)
at org.openqa.selenium.remote.RemoteWebDriver.findElement(RemoteWebDriver.java:355)
at org.openqa.selenium.remote.RemoteWebDriver.findElement(RemoteWebDriver.java:349)
at org.openqa.selenium.support.pagefactory.DefaultElementLocator.findElement(DefaultElementLocator.java:68)
at org.openqa.selenium.support.pagefactory.internal.LocatingElementHandler.invoke(LocatingElementHandler.java:38)
at jdk.proxy2/jdk.proxy2.$Proxy16.isDisplayed(Unknown Source)
at com.onelot.testscripts.Verifyuserregister.enterTheDealerDetails(Verifyuserregister.java:40)
at java.base/jdk.internal.reflect.NativeMethodAccessorImpl.invoke0(Native Method)
at java.base/jdk.internal.reflect.NativeMethodAccessorImpl.invoke(NativeMethodAccessorImpl.java:77)
at java.base/jdk.internal.reflect.DelegatingMethodAccessorImpl.invoke(DelegatingMethodAccessorImpl.java:43)
at java.base/java.lang.reflect.Method.invoke(Method.java:568)
at org.testng.internal.MethodInvocationHelper.invokeMethod(MethodInvocationHelper.java:133)
at org.testng.internal.TestInvoker.invokeMethod(TestInvoker.java:598)
at org.testng.internal.TestInvoker.invokeTestMethod(TestInvoker.java:173)
at org.testng.internal.MethodRunner.runInSequence(MethodRunner.java:46)
at org.testng.internal.TestInvoker$MethodInvocationAgent.invoke(TestInvoker.java:824)
at org.testng.internal.TestInvoker.invokeTestMethods(TestInvoker.java:146)
at org.testng.internal.TestMethodWorker.invokeTestMethods(TestMethodWorker.java:146)
at org.testng.internal.TestMethodWorker.run(TestMethodWorker.java:128)
at java.base/java.util.ArrayList.forEach(ArrayList.java:1511)
at org.testng.TestRunner.privateRun(TestRunner.java:794)
at org.testng.TestRunner.run(TestRunner.java:596)
at org.testng.SuiteRunner.runTest(SuiteRunner.java:377)
at org.testng.SuiteRunner.access$000(SuiteRunner.java:28)
at org.testng.SuiteRunner$SuiteWorker.run(SuiteRunner.java:418)
at org.testng.internal.thread.ThreadUtil.lambda$execute$0(ThreadUtil.java:64)
at java.base/java.util.concurrent.FutureTask.run(FutureTask.java:264)
at java.base/java.util.concurrent.ThreadPoolExecutor.runWorker(ThreadPoolExecutor.java:1136)
at java.base/java.util.concurrent.ThreadPoolExecutor$Worker.run(ThreadPoolExecutor.java:635)
at java.base/java.lang.Thread.run(Thread.java:840)
]]>
            </full-stacktrace>
          </exception> <!-- org.openqa.selenium.NoSuchElementException -->
          <reporter-output>
          </reporter-output>
        </test-method> <!-- enterTheDealerDetails -->
        <test-method is-config="true" signature="AM()[pri:0, instance:com.onelot.testscripts.Verifyuserregister@cb0755b]" started-at="2024-10-06T19:36:08 IST" name="AM" finished-at="2024-10-06T19:36:08 IST" duration-ms="1" status="PASS">
          <reporter-output>
          </reporter-output>
        </test-method> <!-- AM -->
        <test-method is-config="true" signature="closeBrowser()[pri:0, instance:com.onelot.testscripts.Verifyuserregister@cb0755b]" started-at="2024-10-06T19:36:08 IST" name="closeBrowser" finished-at="2024-10-06T19:36:10 IST" duration-ms="1291" status="PASS">
          <reporter-output>
          </reporter-output>
        </test-method> <!-- closeBrowser -->
      </class> <!-- com.onelot.testscripts.Verifyuserregister -->
    </test> <!-- Testcrossbrowser1 -->
  </suite> <!-- Suite -->
</testng-results>
